0 info it worked if it ends with ok
1 verbose cli [ 'c:\\Program Files (x86)\\nodejs\\node.exe',
1 verbose cli   'c:\\Program Files (x86)\\nodejs\\node_modules\\npm\\bin\\npm-cli.js',
1 verbose cli   'publish' ]
2 info using npm@2.14.3
3 info using node@v4.1.0
4 verbose publish [ '.' ]
5 silly cache add args [ '.', null ]
6 verbose cache add spec .
7 silly cache add parsed spec Result {
7 silly cache add   raw: '.',
7 silly cache add   scope: null,
7 silly cache add   name: null,
7 silly cache add   rawSpec: '.',
7 silly cache add   spec: 'd:\\PersonalProjects\\pain-reducer',
7 silly cache add   type: 'directory' }
8 verbose addLocalDirectory C:\Users\Snake\AppData\Roaming\npm-cache\generator-unicron\1.0.1\package.tgz not in flight; packing
9 verbose tar pack [ 'C:\\Users\\Snake\\AppData\\Roaming\\npm-cache\\generator-unicron\\1.0.1\\package.tgz',
9 verbose tar pack   'd:\\PersonalProjects\\pain-reducer' ]
10 verbose tarball C:\Users\Snake\AppData\Roaming\npm-cache\generator-unicron\1.0.1\package.tgz
11 verbose folder d:\PersonalProjects\pain-reducer
12 info prepublish generator-unicron@1.0.1
13 verbose addLocalTarball adding from inside cache C:\Users\Snake\AppData\Roaming\npm-cache\generator-unicron\1.0.1\package.tgz
14 silly cache afterAdd generator-unicron@1.0.1
15 verbose afterAdd C:\Users\Snake\AppData\Roaming\npm-cache\generator-unicron\1.0.1\package\package.json not in flight; writing
16 verbose afterAdd C:\Users\Snake\AppData\Roaming\npm-cache\generator-unicron\1.0.1\package\package.json written
17 silly publish { name: 'generator-unicron',
17 silly publish   version: '1.0.1',
17 silly publish   description: 'Generator to reduce the pain caused to A/A devs while developing in unicron',
17 silly publish   main: 'index.js',
17 silly publish   scripts: { test: 'test' },
17 silly publish   keywords:
17 silly publish    [ 'yeoman-generator',
17 silly publish      'acklen',
17 silly publish      'avenue',
17 silly publish      'A/A',
17 silly publish      'unicron',
17 silly publish      'angular',
17 silly publish      'gulp',
17 silly publish      'typescript',
17 silly publish      'express' ],
17 silly publish   files: [ 'generators/app' ],
17 silly publish   author: { name: 'Viktor Zavala', url: 'viktor@acklenavenue.com' },
17 silly publish   license: 'ISC',
17 silly publish   dependencies: { lodash: '^3.10.1', 'yeoman-generator': '^0.21.1' },
17 silly publish   gitHead: '88efac29844659b44f828ac8e8fbd1f05513a545',
17 silly publish   readme: 'ERROR: No README data found!',
17 silly publish   _id: 'generator-unicron@1.0.1',
17 silly publish   _shasum: '60af7b85785b0580646d78b94abfcf8b2333e82b',
17 silly publish   _from: '.' }
18 verbose getPublishConfig undefined
19 silly mapToRegistry name generator-unicron
20 silly mapToRegistry using default registry
21 silly mapToRegistry registry https://registry.npmjs.org/
22 silly mapToRegistry uri https://registry.npmjs.org/generator-unicron
23 verbose publish registryBase https://registry.npmjs.org/
24 silly publish uploading C:\Users\Snake\AppData\Roaming\npm-cache\generator-unicron\1.0.1\package.tgz
25 verbose request uri https://registry.npmjs.org/generator-unicron
26 verbose request sending authorization for write operation
27 info attempt registry request try #1 at 01:24:16
28 verbose request using bearer token for auth
29 verbose request id 5630a677d6114b19
30 http request PUT https://registry.npmjs.org/generator-unicron
31 http 403 https://registry.npmjs.org/generator-unicron
32 verbose headers { 'content-type': 'application/json',
32 verbose headers   'cache-control': 'max-age=60',
32 verbose headers   'content-length': '95',
32 verbose headers   'accept-ranges': 'bytes',
32 verbose headers   date: 'Thu, 19 Nov 2015 07:24:18 GMT',
32 verbose headers   via: '1.1 varnish',
32 verbose headers   connection: 'keep-alive',
32 verbose headers   'x-served-by': 'cache-iad2138-IAD',
32 verbose headers   'x-cache': 'MISS',
32 verbose headers   'x-cache-hits': '0',
32 verbose headers   'x-timer': 'S1447917856.383153,VS0,VE1712' }
33 verbose request invalidating C:\Users\Snake\AppData\Roaming\npm-cache\registry.npmjs.org\generator-unicron on PUT
34 error publish Failed PUT 403
35 verbose stack Error: "You cannot publish over the previously published version 1.0.1." : generator-unicron
35 verbose stack     at makeError (c:\Program Files (x86)\nodejs\node_modules\npm\node_modules\npm-registry-client\lib\request.js:263:12)
35 verbose stack     at CachingRegistryClient.<anonymous> (c:\Program Files (x86)\nodejs\node_modules\npm\node_modules\npm-registry-client\lib\request.js:251:14)
35 verbose stack     at Request._callback (c:\Program Files (x86)\nodejs\node_modules\npm\node_modules\npm-registry-client\lib\request.js:171:14)
35 verbose stack     at Request.self.callback (c:\Program Files (x86)\nodejs\node_modules\npm\node_modules\request\request.js:198:22)
35 verbose stack     at emitTwo (events.js:87:13)
35 verbose stack     at Request.emit (events.js:172:7)
35 verbose stack     at Request.<anonymous> (c:\Program Files (x86)\nodejs\node_modules\npm\node_modules\request\request.js:1073:14)
35 verbose stack     at emitOne (events.js:82:20)
35 verbose stack     at Request.emit (events.js:169:7)
35 verbose stack     at IncomingMessage.<anonymous> (c:\Program Files (x86)\nodejs\node_modules\npm\node_modules\request\request.js:1019:12)
36 verbose statusCode 403
37 verbose pkgid generator-unicron
38 verbose cwd d:\PersonalProjects\pain-reducer
39 error Windows_NT 6.3.9600
40 error argv "c:\\Program Files (x86)\\nodejs\\node.exe" "c:\\Program Files (x86)\\nodejs\\node_modules\\npm\\bin\\npm-cli.js" "publish"
41 error node v4.1.0
42 error npm  v2.14.3
43 error code E403
44 error "You cannot publish over the previously published version 1.0.1." : generator-unicron
45 error If you need help, you may report this error at:
45 error     <https://github.com/npm/npm/issues>
46 verbose exit [ 1, true ]
